Performing C SOURCE FILE Test CMAKE_HAVE_LIBC_PTHREAD failed with the following output:
Change Dir: /home/copiedwonder/OOP_Labs/lab3/cmake-build-debug/CMakeFiles/CMakeTmp

Run Build Command(s):/usr/bin/make cmTC_e3966/fast && /usr/bin/make  -f CMakeFiles/cmTC_e3966.dir/build.make CMakeFiles/cmTC_e3966.dir/build
make[1]: вход в каталог «/home/copiedwonder/OOP_Labs/lab3/cmake-build-debug/CMakeFiles/CMakeTmp»
Building C object CMakeFiles/cmTC_e3966.dir/src.c.o
/usr/bin/cc   -DCMAKE_HAVE_LIBC_PTHREAD   -o CMakeFiles/cmTC_e3966.dir/src.c.o   -c /home/copiedwonder/OOP_Labs/lab3/cmake-build-debug/CMakeFiles/CMakeTmp/src.c
Linking C executable cmTC_e3966
/snap/clion/129/bin/cmake/linux/bin/cmake -E cmake_link_script CMakeFiles/cmTC_e3966.dir/link.txt --verbose=1
/usr/bin/cc  -DCMAKE_HAVE_LIBC_PTHREAD    -rdynamic CMakeFiles/cmTC_e3966.dir/src.c.o  -o cmTC_e3966 
/usr/bin/ld: CMakeFiles/cmTC_e3966.dir/src.c.o: in function `main':
src.c:(.text+0x2f): undefined reference to `pthread_create'
/usr/bin/ld: src.c:(.text+0x3b): undefined reference to `pthread_detach'
/usr/bin/ld: src.c:(.text+0x47): undefined reference to `pthread_cancel'
/usr/bin/ld: src.c:(.text+0x58): undefined reference to `pthread_join'
collect2: error: ld returned 1 exit status
make[1]: *** [CMakeFiles/cmTC_e3966.dir/build.make:107: cmTC_e3966] Ошибка 1
make[1]: выход из каталога «/home/copiedwonder/OOP_Labs/lab3/cmake-build-debug/CMakeFiles/CMakeTmp»
make: *** [Makefile:141: cmTC_e3966/fast] Ошибка 2


Source file was:
#include <pthread.h>

void* test_func(void* data)
{
  return data;
}

int main(void)
{
  pthread_t thread;
  pthread_create(&thread, NULL, test_func, NULL);
  pthread_detach(thread);
  pthread_cancel(thread);
  pthread_join(thread, NULL);
  pthread_atfork(NULL, NULL, NULL);
  pthread_exit(NULL);

  return 0;
}

Determining if the function pthread_create exists in the pthreads failed with the following output:
Change Dir: /home/copiedwonder/OOP_Labs/lab3/cmake-build-debug/CMakeFiles/CMakeTmp

Run Build Command(s):/usr/bin/make cmTC_7c3b7/fast && /usr/bin/make  -f CMakeFiles/cmTC_7c3b7.dir/build.make CMakeFiles/cmTC_7c3b7.dir/build
make[1]: вход в каталог «/home/copiedwonder/OOP_Labs/lab3/cmake-build-debug/CMakeFiles/CMakeTmp»
Building C object CMakeFiles/cmTC_7c3b7.dir/CheckFunctionExists.c.o
/usr/bin/cc   -DCHECK_FUNCTION_EXISTS=pthread_create   -o CMakeFiles/cmTC_7c3b7.dir/CheckFunctionExists.c.o   -c /snap/clion/129/bin/cmake/linux/share/cmake-3.17/Modules/CheckFunctionExists.c
Linking C executable cmTC_7c3b7
/snap/clion/129/bin/cmake/linux/bin/cmake -E cmake_link_script CMakeFiles/cmTC_7c3b7.dir/link.txt --verbose=1
/usr/bin/cc  -DCHECK_FUNCTION_EXISTS=pthread_create    -rdynamic CMakeFiles/cmTC_7c3b7.dir/CheckFunctionExists.c.o  -o cmTC_7c3b7  -lpthreads 
/usr/bin/ld: cannot find -lpthreads
collect2: error: ld returned 1 exit status
make[1]: *** [CMakeFiles/cmTC_7c3b7.dir/build.make:107: cmTC_7c3b7] Ошибка 1
make[1]: выход из каталога «/home/copiedwonder/OOP_Labs/lab3/cmake-build-debug/CMakeFiles/CMakeTmp»
make: *** [Makefile:141: cmTC_7c3b7/fast] Ошибка 2



